<?xml version="1.0" encoding="UTF-8"?>
<!-- Generated by org.testng.reporters.JUnitReportReporter -->
<testsuite hostname="Aritras-MacBook-Pro.local" failures="0" tests="1" name="TestRunnerAllTests" time="3.910" errors="0" timestamp="2020-09-24T15:51:54 IST" skipped="0">
  <testcase classname="TestRunnerAllTests" name="soapTest" time="3.910"/>
  <system-out/>
</testsuite> <!-- TestRunnerAllTests -->
