<?xml version="1.0" encoding="UTF-8"?>
<!-- Generated by org.testng.reporters.JUnitReportReporter -->
<testsuite hostname="Aritras-MacBook-Pro.local" failures="0" tests="1" name="TestRunner" time="3.600" errors="0" timestamp="2020-09-24T15:48:35 IST" skipped="0">
  <testcase classname="TestRunner" name="soapTest" time="3.600"/>
  <system-out/>
</testsuite> <!-- TestRunner -->
