<?xml version="1.0" encoding="UTF-8"?>
<!-- Generated by org.testng.reporters.JUnitReportReporter -->
<testsuite hostname="Aritras-MacBook-Pro.local" failures="0" tests="1" name="soap.TestRunnerSingleTestSoap" time="0.490" errors="0" timestamp="2020-09-24T19:45:12 IST" skipped="0">
  <testcase classname="soap.TestRunnerSingleTestSoap" name="singleTest" time="0.490"/>
  <system-out/>
</testsuite> <!-- soap.TestRunnerSingleTestSoap -->
