<?xml version="1.0" encoding="UTF-8"?>
<!-- Generated by org.testng.reporters.JUnitReportReporter -->
<testsuite hostname="Aritras-MacBook-Pro.local" failures="0" tests="1" name="TestRunnerSingleTest" time="3.945" errors="0" timestamp="2020-09-24T15:56:38 IST" skipped="0">
  <testcase classname="TestRunnerSingleTest" name="singleTest" time="3.945"/>
  <system-out/>
</testsuite> <!-- TestRunnerSingleTest -->
